\BOOKMARK [0][-]{chapter*.9}{Introducci\363n}{}% 1
\BOOKMARK [0][-]{chapter.1}{Revisi\363n de literatura}{}% 2
\BOOKMARK [1][-]{section.1.1}{Modelos te\363ricos}{chapter.1}% 3
\BOOKMARK [2][-]{subsection.1.1.1}{Hechos estilizados}{section.1.1}% 4
\BOOKMARK [0][-]{chapter.2}{Marco te\363rico}{}% 5
\BOOKMARK [1][-]{section.2.1}{Conducta e instituciones}{chapter.2}% 6
\BOOKMARK [2][-]{subsection.2.1.1}{Cambios cerebrales y gen\351ticos}{section.2.1}% 7
\BOOKMARK [0][-]{chapter.3}{Metodolog\355a}{}% 8
\BOOKMARK [1][-]{section.3.1}{Frameworks}{chapter.3}% 9
\BOOKMARK [2][-]{subsection.3.1.1}{Dask}{section.3.1}% 10
\BOOKMARK [2][-]{subsection.3.1.2}{Spark}{section.3.1}% 11
\BOOKMARK [1][-]{section.3.2}{Procesos para comparaci\363n de desempe\361o}{chapter.3}% 12
\BOOKMARK [2][-]{subsection.3.2.1}{Proceso 1: C\341lculo del tama\361o de la flota por aerol\355nea}{section.3.2}% 13
\BOOKMARK [2][-]{subsection.3.2.2}{Proceso 2: Demoras por aerol\355nea}{section.3.2}% 14
\BOOKMARK [2][-]{subsection.3.2.3}{Proceso 3 y 4: Demoras por aeropuerto de origen y destino}{section.3.2}% 15
\BOOKMARK [2][-]{subsection.3.2.4}{Procesos 5 y 6: Demoras por ruta de aeropuerto y market id}{section.3.2}% 16
\BOOKMARK [2][-]{subsection.3.2.5}{Proceso 7: C\341lculo de la menor ruta en tiempo utilizando el algoritmo de ruta m\355nima Dijkstra}{section.3.2}% 17
\BOOKMARK [2][-]{subsection.3.2.6}{Registro de tiempo y resultados}{section.3.2}% 18
\BOOKMARK [1][-]{section.3.3}{Infraestructura}{chapter.3}% 19
\BOOKMARK [2][-]{subsection.3.3.1}{Ambiente local}{section.3.3}% 20
\BOOKMARK [2][-]{subsection.3.3.2}{Ambiente en la nube}{section.3.3}% 21
\BOOKMARK [1][-]{section.3.4}{Datos}{chapter.3}% 22
\BOOKMARK [2][-]{subsection.3.4.1}{Tratamiento de los datos}{section.3.4}% 23
\BOOKMARK [2][-]{subsection.3.4.2}{Muestras de datos}{section.3.4}% 24
\BOOKMARK [0][-]{chapter.4}{Resultados}{}% 25
\BOOKMARK [1][-]{section.4.1}{Dimensi\363n nacional}{chapter.4}% 26
\BOOKMARK [2][-]{subsection.4.1.1}{\277Por qu\351 no crecemos?}{section.4.1}% 27
\BOOKMARK [0][-]{chapter*.13}{Conclusiones}{}% 28
\BOOKMARK [0][-]{appendix.Alph1}{Cuadros anexos}{}% 29
\BOOKMARK [0][-]{appendix*.14}{Referencias}{}% 30
